<?xml version="1.0" encoding="UTF-8"?>
<testng-results ignored="0" total="1" passed="1" failed="0" skipped="0">
  <reporter-output>
  </reporter-output>
  <suite started-at="2024-01-12T13:50:18 IST" name="Suite" finished-at="2024-01-12T13:50:30 IST" duration-ms="11167">
    <groups>
    </groups>
    <test started-at="2024-01-12T13:50:18 IST" name="Test" finished-at="2024-01-12T13:50:30 IST" duration-ms="11167">
      <class name="test.GoogleSearchTest">
        <test-method is-config="true" signature="SetUp()[pri:0, instance:test.GoogleSearchTest@4b0d79fc]" started-at="2024-01-12T13:50:18 IST" name="SetUp" finished-at="2024-01-12T13:50:24 IST" duration-ms="5692" status="PASS">
          <reporter-output>
          </reporter-output>
        </test-method> <!-- SetUp -->
        <test-method signature="SearchResultTest()[pri:0, instance:test.GoogleSearchTest@4b0d79fc]" started-at="2024-01-12T13:50:24 IST" name="SearchResultTest" finished-at="2024-01-12T13:50:29 IST" duration-ms="5182" status="PASS">
          <reporter-output>
          </reporter-output>
        </test-method> <!-- SearchResultTest -->
        <test-method is-config="true" signature="TearDown()[pri:0, instance:test.GoogleSearchTest@4b0d79fc]" started-at="2024-01-12T13:50:29 IST" name="TearDown" finished-at="2024-01-12T13:50:30 IST" duration-ms="240" status="PASS">
          <reporter-output>
          </reporter-output>
        </test-method> <!-- TearDown -->
      </class> <!-- test.GoogleSearchTest -->
    </test> <!-- Test -->
  </suite> <!-- Suite -->
</testng-results>
