<?xml version="1.0" encoding="UTF-8"?>
<testng-results ignored="0" total="2" passed="2" failed="0" skipped="0">
  <reporter-output>
  </reporter-output>
  <suite started-at="2024-01-16T20:53:00 IST" name="Suite" finished-at="2024-01-16T20:53:20 IST" duration-ms="20161">
    <groups>
    </groups>
    <test started-at="2024-01-16T20:53:00 IST" name="Test" finished-at="2024-01-16T20:53:20 IST" duration-ms="20161">
      <class name="test.GoogleSearchTest2">
        <test-method is-config="true" signature="SetUp()[pri:0, instance:test.GoogleSearchTest2@6340e5f0]" started-at="2024-01-16T20:53:10 IST" name="SetUp" finished-at="2024-01-16T20:53:15 IST" duration-ms="4627" status="PASS">
          <reporter-output>
          </reporter-output>
        </test-method> <!-- SetUp -->
        <test-method signature="ResultTest2()[pri:0, instance:test.GoogleSearchTest2@6340e5f0]" started-at="2024-01-16T20:53:15 IST" name="ResultTest2" finished-at="2024-01-16T20:53:20 IST" duration-ms="5142" status="PASS">
          <reporter-output>
          </reporter-output>
        </test-method> <!-- ResultTest2 -->
        <test-method is-config="true" signature="TearDown()[pri:0, instance:test.GoogleSearchTest2@6340e5f0]" started-at="2024-01-16T20:53:20 IST" name="TearDown" finished-at="2024-01-16T20:53:20 IST" duration-ms="206" status="PASS">
          <reporter-output>
          </reporter-output>
        </test-method> <!-- TearDown -->
      </class> <!-- test.GoogleSearchTest2 -->
      <class name="test.GoogleSearchTest">
        <test-method is-config="true" signature="SetUp()[pri:0, instance:test.GoogleSearchTest@428640fa]" started-at="2024-01-16T20:53:00 IST" name="SetUp" finished-at="2024-01-16T20:53:05 IST" duration-ms="4682" status="PASS">
          <reporter-output>
          </reporter-output>
        </test-method> <!-- SetUp -->
        <test-method signature="SearchResultTest()[pri:0, instance:test.GoogleSearchTest@428640fa]" started-at="2024-01-16T20:53:05 IST" name="SearchResultTest" finished-at="2024-01-16T20:53:10 IST" duration-ms="5188" status="PASS">
          <reporter-output>
          </reporter-output>
        </test-method> <!-- SearchResultTest -->
        <test-method is-config="true" signature="TearDown()[pri:0, instance:test.GoogleSearchTest@428640fa]" started-at="2024-01-16T20:53:10 IST" name="TearDown" finished-at="2024-01-16T20:53:10 IST" duration-ms="259" status="PASS">
          <reporter-output>
          </reporter-output>
        </test-method> <!-- TearDown -->
      </class> <!-- test.GoogleSearchTest -->
    </test> <!-- Test -->
  </suite> <!-- Suite -->
</testng-results>
